Using pre-set license
Built from '2021.3/staging' branch; Version is '2021.3.9f1 (ad3870b89536) revision 11352176'; Using compiler version '192829333'; Build Type 'Release'
OS: 'Windows 10  (10.0.19045) 64bit Professional' Language: 'ko' Physical Memory: 16309 MB
BatchMode: 1, IsHumanControllingUs: 0, StartBugReporterOnCrash: 0, Is64bit: 1, IsPro: 1

COMMAND LINE ARGUMENTS:
F:\Unity\Editor\2021.3.9f1\Editor\Unity.exe
-adb2
-batchMode
-noUpm
-name
AssetImportWorker0
-projectPath
F:/KimLiquid/Learn4
-logFile
Logs/AssetImportWorker0.log
-srvPort
4396
Successfully changed project path to: F:/KimLiquid/Learn4
F:/KimLiquid/Learn4
[UnityMemory] Configuration Parameters - Can be set up in boot.config
    "memorysetup-bucket-allocator-granularity=16"
    "memorysetup-bucket-allocator-bucket-count=8"
    "memorysetup-bucket-allocator-block-size=33554432"
    "memorysetup-bucket-allocator-block-count=8"
    "memorysetup-main-allocator-block-size=16777216"
    "memorysetup-thread-allocator-block-size=16777216"
    "memorysetup-gfx-main-allocator-block-size=16777216"
    "memorysetup-gfx-thread-allocator-block-size=16777216"
    "memorysetup-cache-allocator-block-size=4194304"
    "memorysetup-typetree-allocator-block-size=2097152"
    "memorysetup-profiler-bucket-allocator-granularity=16"
    "memorysetup-profiler-bucket-allocator-bucket-count=8"
    "memorysetup-profiler-bucket-allocator-block-size=33554432"
    "memorysetup-profiler-bucket-allocator-block-count=8"
    "memorysetup-profiler-allocator-block-size=16777216"
    "memorysetup-profiler-editor-allocator-block-size=1048576"
    "memorysetup-temp-allocator-size-main=16777216"
    "memorysetup-job-temp-allocator-block-size=2097152"
    "memorysetup-job-temp-allocator-block-size-background=1048576"
    "memorysetup-job-temp-allocator-reduction-small-platforms=262144"
    "memorysetup-temp-allocator-size-background-worker=32768"
    "memorysetup-temp-allocator-size-job-worker=262144"
    "memorysetup-temp-allocator-size-preload-manager=33554432"
    "memorysetup-temp-allocator-size-nav-mesh-worker=65536"
    "memorysetup-temp-allocator-size-audio-worker=65536"
    "memorysetup-temp-allocator-size-cloud-worker=32768"
    "memorysetup-temp-allocator-size-gi-baking-worker=262144"
    "memorysetup-temp-allocator-size-gfx=262144"
Refreshing native plugins compatible for Editor in 75.30 ms, found 3 plugins.
Preloading 0 native plugins for Editor in 0.00 ms.
Initialize engine version: 2021.3.9f1 (ad3870b89536)
[Subsystems] Discovering subsystems at path F:/Unity/Editor/2021.3.9f1/Editor/Data/Resources/UnitySubsystems
[Subsystems] Discovering subsystems at path F:/KimLiquid/Learn4/Assets
GfxDevice: creating device client; threaded=0; jobified=0
Direct3D:
    Version:  Direct3D 11.0 [level 11.1]
    Renderer: Radeon RX 570 Series (ID=0x67df)
    Vendor:   ATI
    VRAM:     4074 MB
    Driver:   31.0.12029.10015
Initialize mono
Mono path[0] = 'F:/Unity/Editor/2021.3.9f1/Editor/Data/Managed'
Mono path[1] = 'F:/Unity/Editor/2021.3.9f1/Editor/Data/MonoBleedingEdge/lib/mono/unityjit-win32'
Mono config path = 'F:/Unity/Editor/2021.3.9f1/Editor/Data/MonoBleedingEdge/etc'
Using monoOptions --debugger-agent=transport=dt_socket,embedding=1,server=y,suspend=n,address=127.0.0.1:56344
Begin MonoManager ReloadAssembly
Registering precompiled unity dll's ...
Register platform support module: F:/Unity/Editor/2021.3.9f1/Editor/Data/PlaybackEngines/WebGLSupport/UnityEditor.WebGL.Extensions.dll
Register platform support module: F:/Unity/Editor/2021.3.9f1/Editor/Data/PlaybackEngines/AndroidPlayer/UnityEditor.Android.Extensions.dll
Register platform support module: F:/Unity/Editor/2021.3.9f1/Editor/Data/PlaybackEngines/WindowsStandaloneSupport/UnityEditor.WindowsStandalone.Extensions.dll
Registered in 0.003986 seconds.
Native extension for WindowsStandalone target not found
Native extension for Android target not found
Native extension for WebGL target not found
Refreshing native plugins compatible for Editor in 73.94 ms, found 3 plugins.
Preloading 0 native plugins for Editor in 0.00 ms.
Mono: successfully reloaded assembly
- Completed reload, in  0.579 seconds
Domain Reload Profiling:
	ReloadAssembly (580ms)
		BeginReloadAssembly (66ms)
			ExecutionOrderSort (0ms)
			DisableScriptedObjects (0ms)
			BackupInstance (0ms)
			ReleaseScriptingObjects (0ms)
			CreateAndSetChildDomain (1ms)
		EndReloadAssembly (394ms)
			LoadAssemblies (65ms)
			RebuildTransferFunctionScriptingTraits (0ms)
			SetupTypeCache (91ms)
			ReleaseScriptCaches (0ms)
			RebuildScriptCaches (23ms)
			SetupLoadedEditorAssemblies (241ms)
				LogAssemblyErrors (0ms)
				InitializePlatformSupportModulesInManaged (48ms)
				SetLoadedEditorAssemblies (0ms)
				RefreshPlugins (74ms)
				BeforeProcessingInitializeOnLoad (1ms)
				ProcessInitializeOnLoadAttributes (81ms)
				ProcessInitializeOnLoadMethodAttributes (36ms)
				AfterProcessingInitializeOnLoad (0ms)
				EditorAssembliesLoaded (0ms)
			ExecutionOrderSort2 (0ms)
			AwakeInstancesAfterBackupRestoration (0ms)
Platform modules already initialized, skipping
Registering precompiled user dll's ...
Registered in 0.005554 seconds.
Begin MonoManager ReloadAssembly
Symbol file LoadedFromMemory doesn't match image F:\KimLiquid\Learn4\Library\PackageCache\com.unity.visualscripting@1.7.8\Editor\VisualScripting.Core\Dependencies\YamlDotNet\Unity.VisualScripting.YamlDotNet.dll
Symbol file LoadedFromMemory doesn't match image F:\KimLiquid\Learn4\Library\PackageCache\com.unity.visualscripting@1.7.8\Editor\VisualScripting.Core\Dependencies\DotNetZip\Unity.VisualScripting.IonicZip.dll
Native extension for WindowsStandalone target not found
Native extension for Android target not found
Native extension for WebGL target not found
Refreshing native plugins compatible for Editor in 0.69 ms, found 3 plugins.
Preloading 0 native plugins for Editor in 0.00 ms.
Mono: successfully reloaded assembly
- Completed reload, in  1.042 seconds
Domain Reload Profiling:
	ReloadAssembly (1042ms)
		BeginReloadAssembly (237ms)
			ExecutionOrderSort (0ms)
			DisableScriptedObjects (5ms)
			BackupInstance (0ms)
			ReleaseScriptingObjects (0ms)
			CreateAndSetChildDomain (156ms)
		EndReloadAssembly (707ms)
			LoadAssemblies (75ms)
			RebuildTransferFunctionScriptingTraits (0ms)
			SetupTypeCache (235ms)
			ReleaseScriptCaches (1ms)
			RebuildScriptCaches (48ms)
			SetupLoadedEditorAssemblies (322ms)
				LogAssemblyErrors (0ms)
				InitializePlatformSupportModulesInManaged (15ms)
				SetLoadedEditorAssemblies (0ms)
				RefreshPlugins (1ms)
				BeforeProcessingInitializeOnLoad (83ms)
				ProcessInitializeOnLoadAttributes (194ms)
				ProcessInitializeOnLoadMethodAttributes (25ms)
				AfterProcessingInitializeOnLoad (3ms)
				EditorAssembliesLoaded (0ms)
			ExecutionOrderSort2 (0ms)
			AwakeInstancesAfterBackupRestoration (5ms)
Platform modules already initialized, skipping
========================================================================
Worker process is ready to serve import requests
Launched and connected shader compiler UnityShaderCompiler.exe after 0.05 seconds
Refreshing native plugins compatible for Editor in 1.13 ms, found 3 plugins.
Preloading 0 native plugins for Editor in 0.00 ms.
Unloading 3385 Unused Serialized files (Serialized files now loaded: 0)
Unloading 27 unused Assets / (111.2 KB). Loaded Objects now: 3848.
Memory consumption went from 121.4 MB to 121.3 MB.
Total: 3.189700 ms (FindLiveObjects: 0.329500 ms CreateObjectMapping: 0.095000 ms MarkObjects: 2.623400 ms  DeleteObjects: 0.140600 ms)

AssetImportParameters requested are different than current active one (requested -> active):
  custom:video-decoder-ogg-theora: a1e56fd34408186e4bbccfd4996cb3dc -> 
  custom:container-muxer-webm: aa71ff27fc2769a1b78a27578f13a17b -> 
  custom:container-demuxer-webm: 4f35f7cbe854078d1ac9338744f61a02 -> 
  custom:video-encoder-webm-vp8: eb34c28f22e8b96e1ab97ce403110664 -> 
  custom:audio-encoder-webm-vorbis: bf7c407c2cedff20999df2af8eb42d56 -> 
  custom:framework-win-MediaFoundation: 216162199b28c13a410421893ffa2e32 -> 
  custom:container-demuxer-ogg: 62fdf1f143b41e24485cea50d1cbac27 -> 
  custom:video-decoder-webm-vp8: 9c59270c3fd7afecdb556c50c9e8de78 -> 
  custom:audio-decoder-ogg-vorbis: bf7c407c2cedff20999df2af8eb42d56 -> 
========================================================================
Received Import Request.
  Time since last request: 849.694670 seconds.
  path: Assets/Models/CharacterModel.fbx
  artifactKey: Guid(11df82fb69a91a44794f061ab491f202) Importer(815301076,1909f56bfc062723c751e8b465ee728b)
Start importing Assets/Models/CharacterModel.fbx using Guid(11df82fb69a91a44794f061ab491f202) Importer(815301076,1909f56bfc062723c751e8b465ee728b)  -> (artifact id: '8e053ad6d3b2fd58d71a1b457c7f6865') in 0.398958 seconds 
========================================================================
Received Import Request.
  Time since last request: 0.000020 seconds.
  path: Assets/Models/Hoshino_Original
  artifactKey: Guid(b4a459dad07343644be46cb4442afac2) Importer(815301076,1909f56bfc062723c751e8b465ee728b)
Start importing Assets/Models/Hoshino_Original using Guid(b4a459dad07343644be46cb4442afac2) Importer(815301076,1909f56bfc062723c751e8b465ee728b)  -> (artifact id: 'ca75e47613e3c5a9288e95475b67d8ec') in 0.005059 seconds 
========================================================================
Received Import Request.
  Time since last request: 0.000030 seconds.
  path: Assets/Models
  artifactKey: Guid(bf5c28c6567d64041a9835d4b57094de) Importer(815301076,1909f56bfc062723c751e8b465ee728b)
Start importing Assets/Models using Guid(bf5c28c6567d64041a9835d4b57094de) Importer(815301076,1909f56bfc062723c751e8b465ee728b)  -> (artifact id: '58f922f4da4d6da4bfe1b37ff8499f01') in 0.005407 seconds 
========================================================================
Received Import Request.
  Time since last request: 0.000019 seconds.
  path: Assets/Models/Hoshino_Original/hoshino.fbx
  artifactKey: Guid(832cb15deba53dd4c9a2ea90c51acea6) Importer(815301076,1909f56bfc062723c751e8b465ee728b)
Start importing Assets/Models/Hoshino_Original/hoshino.fbx using Guid(832cb15deba53dd4c9a2ea90c51acea6) Importer(815301076,1909f56bfc062723c751e8b465ee728b)  -> (artifact id: '48e4597805d619e46d939e74f170b70c') in 0.063313 seconds 
========================================================================
Received Import Request.
  Time since last request: 31.219240 seconds.
  path: Assets/Models/Mika/Materials/Acc_C.pngMMDCatsBaked.002.mat
  artifactKey: Guid(eaf15843f0a0fce42b5f199c82d289c9) Importer(815301076,1909f56bfc062723c751e8b465ee728b)
Start importing Assets/Models/Mika/Materials/Acc_C.pngMMDCatsBaked.002.mat using Guid(eaf15843f0a0fce42b5f199c82d289c9) Importer(815301076,1909f56bfc062723c751e8b465ee728b)  -> (artifact id: 'f92f8d9f200680a3f2ea7aef4f5d1c4c') in 0.133938 seconds 
========================================================================
Received Import Request.
  Time since last request: 0.000020 seconds.
  path: Assets/Models/Mika/Materials/Face_C.pngMMDCatsBaked.002.mat
  artifactKey: Guid(c75f2a4a0ddf09e46aa48ef8eb462524) Importer(815301076,1909f56bfc062723c751e8b465ee728b)
Start importing Assets/Models/Mika/Materials/Face_C.pngMMDCatsBaked.002.mat using Guid(c75f2a4a0ddf09e46aa48ef8eb462524) Importer(815301076,1909f56bfc062723c751e8b465ee728b)  -> (artifact id: 'bfe78206434a3c31225fa0c402d6dc18') in 0.014283 seconds 
========================================================================
Received Import Request.
  Time since last request: 0.000028 seconds.
  path: Assets/Models/Mika/Materials/Face_C.pngMMDCatsBaked.003.mat
  artifactKey: Guid(b9477e75f7c4f394bb41ddc34d41c959) Importer(815301076,1909f56bfc062723c751e8b465ee728b)
Start importing Assets/Models/Mika/Materials/Face_C.pngMMDCatsBaked.003.mat using Guid(b9477e75f7c4f394bb41ddc34d41c959) Importer(815301076,1909f56bfc062723c751e8b465ee728b)  -> (artifact id: 'ba4d8dae5fad81ee6d2bc1c2ccae3db9') in 0.012977 seconds 
========================================================================
Received Import Request.
  Time since last request: 42.932489 seconds.
  path: Assets/Models/Mika/Materials/Skin_C.pngMMDCatsBaked.001.mat
  artifactKey: Guid(5371a1877a577904ab2b32b833ceac26) Importer(815301076,1909f56bfc062723c751e8b465ee728b)
Start importing Assets/Models/Mika/Materials/Skin_C.pngMMDCatsBaked.001.mat using Guid(5371a1877a577904ab2b32b833ceac26) Importer(815301076,1909f56bfc062723c751e8b465ee728b)  -> (artifact id: '8fc32fec42e016d77e0e022fd06bff01') in 0.011278 seconds 
========================================================================
Received Import Request.
  Time since last request: 95.931894 seconds.
  path: Assets/Models/聖園ミカ_配布/聖園ミカ_輪郭線あり_ver1.01.MMD4Mecanim.asset
  artifactKey: Guid(f16b51e6aa5d6cf49a8b61e21dd5186f) Importer(815301076,1909f56bfc062723c751e8b465ee728b)
Start importing Assets/Models/聖園ミカ_配布/聖園ミカ_輪郭線あり_ver1.01.MMD4Mecanim.asset using Guid(f16b51e6aa5d6cf49a8b61e21dd5186f) Importer(815301076,1909f56bfc062723c751e8b465ee728b)  -> (artifact id: 'dd9297fcc142735224c47d1132d4f4e5') in 0.008753 seconds 
