Using pre-set license
Built from '2021.3/staging' branch; Version is '2021.3.9f1 (ad3870b89536) revision 11352176'; Using compiler version '192829333'; Build Type 'Release'
OS: 'Windows 10  (10.0.19045) 64bit Professional' Language: 'ko' Physical Memory: 16309 MB
BatchMode: 1, IsHumanControllingUs: 0, StartBugReporterOnCrash: 0, Is64bit: 1, IsPro: 1

COMMAND LINE ARGUMENTS:
F:\Unity\Editor\2021.3.9f1\Editor\Unity.exe
-adb2
-batchMode
-noUpm
-name
AssetImportWorker0
-projectPath
F:/KimLiquid/Learn4
-logFile
Logs/AssetImportWorker0.log
-srvPort
14123
Successfully changed project path to: F:/KimLiquid/Learn4
F:/KimLiquid/Learn4
[UnityMemory] Configuration Parameters - Can be set up in boot.config
    "memorysetup-bucket-allocator-granularity=16"
    "memorysetup-bucket-allocator-bucket-count=8"
    "memorysetup-bucket-allocator-block-size=33554432"
    "memorysetup-bucket-allocator-block-count=8"
    "memorysetup-main-allocator-block-size=16777216"
    "memorysetup-thread-allocator-block-size=16777216"
    "memorysetup-gfx-main-allocator-block-size=16777216"
    "memorysetup-gfx-thread-allocator-block-size=16777216"
    "memorysetup-cache-allocator-block-size=4194304"
    "memorysetup-typetree-allocator-block-size=2097152"
    "memorysetup-profiler-bucket-allocator-granularity=16"
    "memorysetup-profiler-bucket-allocator-bucket-count=8"
    "memorysetup-profiler-bucket-allocator-block-size=33554432"
    "memorysetup-profiler-bucket-allocator-block-count=8"
    "memorysetup-profiler-allocator-block-size=16777216"
    "memorysetup-profiler-editor-allocator-block-size=1048576"
    "memorysetup-temp-allocator-size-main=16777216"
    "memorysetup-job-temp-allocator-block-size=2097152"
    "memorysetup-job-temp-allocator-block-size-background=1048576"
    "memorysetup-job-temp-allocator-reduction-small-platforms=262144"
    "memorysetup-temp-allocator-size-background-worker=32768"
    "memorysetup-temp-allocator-size-job-worker=262144"
    "memorysetup-temp-allocator-size-preload-manager=33554432"
    "memorysetup-temp-allocator-size-nav-mesh-worker=65536"
    "memorysetup-temp-allocator-size-audio-worker=65536"
    "memorysetup-temp-allocator-size-cloud-worker=32768"
    "memorysetup-temp-allocator-size-gi-baking-worker=262144"
    "memorysetup-temp-allocator-size-gfx=262144"
Refreshing native plugins compatible for Editor in 80.82 ms, found 3 plugins.
Preloading 0 native plugins for Editor in 0.00 ms.
Initialize engine version: 2021.3.9f1 (ad3870b89536)
[Subsystems] Discovering subsystems at path F:/Unity/Editor/2021.3.9f1/Editor/Data/Resources/UnitySubsystems
[Subsystems] Discovering subsystems at path F:/KimLiquid/Learn4/Assets
GfxDevice: creating device client; threaded=0; jobified=0
Direct3D:
    Version:  Direct3D 11.0 [level 11.1]
    Renderer: Radeon RX 570 Series (ID=0x67df)
    Vendor:   ATI
    VRAM:     4074 MB
    Driver:   31.0.12029.10015
Initialize mono
Mono path[0] = 'F:/Unity/Editor/2021.3.9f1/Editor/Data/Managed'
Mono path[1] = 'F:/Unity/Editor/2021.3.9f1/Editor/Data/MonoBleedingEdge/lib/mono/unityjit-win32'
Mono config path = 'F:/Unity/Editor/2021.3.9f1/Editor/Data/MonoBleedingEdge/etc'
Using monoOptions --debugger-agent=transport=dt_socket,embedding=1,server=y,suspend=n,address=127.0.0.1:56464
Begin MonoManager ReloadAssembly
Registering precompiled unity dll's ...
Register platform support module: F:/Unity/Editor/2021.3.9f1/Editor/Data/PlaybackEngines/WebGLSupport/UnityEditor.WebGL.Extensions.dll
Register platform support module: F:/Unity/Editor/2021.3.9f1/Editor/Data/PlaybackEngines/AndroidPlayer/UnityEditor.Android.Extensions.dll
Register platform support module: F:/Unity/Editor/2021.3.9f1/Editor/Data/PlaybackEngines/WindowsStandaloneSupport/UnityEditor.WindowsStandalone.Extensions.dll
Registered in 0.004598 seconds.
Native extension for WindowsStandalone target not found
Native extension for Android target not found
Native extension for WebGL target not found
Refreshing native plugins compatible for Editor in 93.77 ms, found 3 plugins.
Preloading 0 native plugins for Editor in 0.00 ms.
Mono: successfully reloaded assembly
- Completed reload, in  0.658 seconds
Domain Reload Profiling:
	ReloadAssembly (659ms)
		BeginReloadAssembly (77ms)
			ExecutionOrderSort (0ms)
			DisableScriptedObjects (0ms)
			BackupInstance (0ms)
			ReleaseScriptingObjects (0ms)
			CreateAndSetChildDomain (1ms)
		EndReloadAssembly (473ms)
			LoadAssemblies (77ms)
			RebuildTransferFunctionScriptingTraits (0ms)
			SetupTypeCache (109ms)
			ReleaseScriptCaches (0ms)
			RebuildScriptCaches (27ms)
			SetupLoadedEditorAssemblies (292ms)
				LogAssemblyErrors (0ms)
				InitializePlatformSupportModulesInManaged (56ms)
				SetLoadedEditorAssemblies (0ms)
				RefreshPlugins (94ms)
				BeforeProcessingInitializeOnLoad (2ms)
				ProcessInitializeOnLoadAttributes (97ms)
				ProcessInitializeOnLoadMethodAttributes (43ms)
				AfterProcessingInitializeOnLoad (0ms)
				EditorAssembliesLoaded (0ms)
			ExecutionOrderSort2 (0ms)
			AwakeInstancesAfterBackupRestoration (0ms)
Platform modules already initialized, skipping
Registering precompiled user dll's ...
Registered in 0.006588 seconds.
Android Extension - Scanning For ADB Devices 758 ms
Begin MonoManager ReloadAssembly
Symbol file LoadedFromMemory doesn't match image F:\KimLiquid\Learn4\Library\PackageCache\com.unity.visualscripting@1.7.8\Editor\VisualScripting.Core\Dependencies\YamlDotNet\Unity.VisualScripting.YamlDotNet.dll
Symbol file LoadedFromMemory doesn't match image F:\KimLiquid\Learn4\Library\PackageCache\com.unity.visualscripting@1.7.8\Editor\VisualScripting.Core\Dependencies\DotNetZip\Unity.VisualScripting.IonicZip.dll
Native extension for WindowsStandalone target not found
Native extension for Android target not found
Native extension for WebGL target not found
Refreshing native plugins compatible for Editor in 1.06 ms, found 3 plugins.
Preloading 0 native plugins for Editor in 0.00 ms.
Mono: successfully reloaded assembly
- Completed reload, in  1.064 seconds
Domain Reload Profiling:
	ReloadAssembly (1065ms)
		BeginReloadAssembly (129ms)
			ExecutionOrderSort (0ms)
			DisableScriptedObjects (7ms)
			BackupInstance (0ms)
			ReleaseScriptingObjects (0ms)
			CreateAndSetChildDomain (25ms)
		EndReloadAssembly (814ms)
			LoadAssemblies (98ms)
			RebuildTransferFunctionScriptingTraits (0ms)
			SetupTypeCache (274ms)
			ReleaseScriptCaches (1ms)
			RebuildScriptCaches (56ms)
			SetupLoadedEditorAssemblies (360ms)
				LogAssemblyErrors (0ms)
				InitializePlatformSupportModulesInManaged (16ms)
				SetLoadedEditorAssemblies (1ms)
				RefreshPlugins (1ms)
				BeforeProcessingInitializeOnLoad (84ms)
				ProcessInitializeOnLoadAttributes (228ms)
				ProcessInitializeOnLoadMethodAttributes (27ms)
				AfterProcessingInitializeOnLoad (3ms)
				EditorAssembliesLoaded (0ms)
			ExecutionOrderSort2 (0ms)
			AwakeInstancesAfterBackupRestoration (5ms)
Platform modules already initialized, skipping
========================================================================
Worker process is ready to serve import requests
Launched and connected shader compiler UnityShaderCompiler.exe after 0.10 seconds
Refreshing native plugins compatible for Editor in 0.72 ms, found 3 plugins.
Preloading 0 native plugins for Editor in 0.00 ms.
Unloading 3385 Unused Serialized files (Serialized files now loaded: 0)
Unloading 27 unused Assets / (111.2 KB). Loaded Objects now: 3848.
Memory consumption went from 121.3 MB to 121.1 MB.
Total: 2.950000 ms (FindLiveObjects: 0.306500 ms CreateObjectMapping: 0.094300 ms MarkObjects: 2.443900 ms  DeleteObjects: 0.104300 ms)

AssetImportParameters requested are different than current active one (requested -> active):
  custom:video-decoder-ogg-theora: a1e56fd34408186e4bbccfd4996cb3dc -> 
  custom:container-muxer-webm: aa71ff27fc2769a1b78a27578f13a17b -> 
  custom:container-demuxer-webm: 4f35f7cbe854078d1ac9338744f61a02 -> 
  custom:video-encoder-webm-vp8: eb34c28f22e8b96e1ab97ce403110664 -> 
  custom:audio-encoder-webm-vorbis: bf7c407c2cedff20999df2af8eb42d56 -> 
  custom:framework-win-MediaFoundation: 216162199b28c13a410421893ffa2e32 -> 
  custom:container-demuxer-ogg: 62fdf1f143b41e24485cea50d1cbac27 -> 
  custom:video-decoder-webm-vp8: 9c59270c3fd7afecdb556c50c9e8de78 -> 
  custom:audio-decoder-ogg-vorbis: bf7c407c2cedff20999df2af8eb42d56 -> 
========================================================================
Received Import Request.
  Time since last request: 23769.908117 seconds.
  path: Assets/slash5-HungNguyen/prefab
  artifactKey: Guid(75319a998a0632f49861112bec8a3856) Importer(815301076,1909f56bfc062723c751e8b465ee728b)
Start importing Assets/slash5-HungNguyen/prefab using Guid(75319a998a0632f49861112bec8a3856) Importer(815301076,1909f56bfc062723c751e8b465ee728b)  -> (artifact id: 'd6ad5442fc5d083b57e89b94bcb3bd73') in 0.014215 seconds 
========================================================================
Received Import Request.
  Time since last request: 0.063191 seconds.
  path: Assets/slash5-HungNguyen/prefab/ground 1.prefab
  artifactKey: Guid(2c986d7e539b36c4b94e746e94ff211a) Importer(815301076,1909f56bfc062723c751e8b465ee728b)
Start importing Assets/slash5-HungNguyen/prefab/ground 1.prefab using Guid(2c986d7e539b36c4b94e746e94ff211a) Importer(815301076,1909f56bfc062723c751e8b465ee728b)  -> (artifact id: '0a65b29ac867902bdbd824af046f94bc') in 0.318549 seconds 
========================================================================
Received Import Request.
  Time since last request: 2.074829 seconds.
  path: Assets/slash5-HungNguyen/prefab/slash
  artifactKey: Guid(e4917506b9d96594b9d3c8bb7dc0a1be) Importer(815301076,1909f56bfc062723c751e8b465ee728b)
Start importing Assets/slash5-HungNguyen/prefab/slash using Guid(e4917506b9d96594b9d3c8bb7dc0a1be) Importer(815301076,1909f56bfc062723c751e8b465ee728b)  -> (artifact id: '63eb1d85a65b278635f96ff5b88210f9') in 0.005774 seconds 
========================================================================
Received Import Request.
  Time since last request: 0.000024 seconds.
  path: Assets/slash5-HungNguyen/prefab/slash/white-red bolder.prefab
  artifactKey: Guid(60d310309985b9d4e9917e6e851e63c9) Importer(815301076,1909f56bfc062723c751e8b465ee728b)
Start importing Assets/slash5-HungNguyen/prefab/slash/white-red bolder.prefab using Guid(60d310309985b9d4e9917e6e851e63c9) Importer(815301076,1909f56bfc062723c751e8b465ee728b)  -> (artifact id: '93d0cab26735d507063dd16425fd2173') in 0.026216 seconds 
========================================================================
Received Import Request.
  Time since last request: 0.000025 seconds.
  path: Assets/slash5-HungNguyen/prefab/slash/white-black bolder.prefab
  artifactKey: Guid(9b6701af468904645b8ef67e0e326bb5) Importer(815301076,1909f56bfc062723c751e8b465ee728b)
Start importing Assets/slash5-HungNguyen/prefab/slash/white-black bolder.prefab using Guid(9b6701af468904645b8ef67e0e326bb5) Importer(815301076,1909f56bfc062723c751e8b465ee728b)  -> (artifact id: '0dbb2c1048b2e907df3381c63871414b') in 0.014542 seconds 
========================================================================
Received Import Request.
  Time since last request: 0.000033 seconds.
  path: Assets/slash5-HungNguyen/prefab/slash/white-blue bolder.prefab
  artifactKey: Guid(78e50a02e17938a4baf517253d545621) Importer(815301076,1909f56bfc062723c751e8b465ee728b)
Start importing Assets/slash5-HungNguyen/prefab/slash/white-blue bolder.prefab using Guid(78e50a02e17938a4baf517253d545621) Importer(815301076,1909f56bfc062723c751e8b465ee728b)  -> (artifact id: '858770fb315ef193123ec553febbeebb') in 0.014243 seconds 
========================================================================
Received Import Request.
  Time since last request: 4.924472 seconds.
  path: Assets/slash5-HungNguyen/slash 5 visual vfx profiles/slash-white-blue bolder.vfx
  artifactKey: Guid(1efed76a5cb06fc4fad682743c40f387) Importer(815301076,1909f56bfc062723c751e8b465ee728b)
Start importing Assets/slash5-HungNguyen/slash 5 visual vfx profiles/slash-white-blue bolder.vfx using Guid(1efed76a5cb06fc4fad682743c40f387) Importer(815301076,1909f56bfc062723c751e8b465ee728b)  -> (artifact id: '7b53580c5dcfab747669f3a24c2220bb') in 0.006875 seconds 
========================================================================
Received Import Request.
  Time since last request: 0.000021 seconds.
  path: Assets/slash5-HungNguyen/slash 5 visual vfx profiles/slash-white-red bolder.vfx
  artifactKey: Guid(b28130f36ca99cc4e8dfa30ab1dfdae3) Importer(815301076,1909f56bfc062723c751e8b465ee728b)
Start importing Assets/slash5-HungNguyen/slash 5 visual vfx profiles/slash-white-red bolder.vfx using Guid(b28130f36ca99cc4e8dfa30ab1dfdae3) Importer(815301076,1909f56bfc062723c751e8b465ee728b)  -> (artifact id: 'd96ecef262d6cedefbb837a32c1b7865') in 0.006714 seconds 
========================================================================
Received Prepare
Registering precompiled user dll's ...
Registered in 0.007153 seconds.
Begin MonoManager ReloadAssembly
Symbol file LoadedFromMemory doesn't match image F:\KimLiquid\Learn4\Library\PackageCache\com.unity.visualscripting@1.7.8\Editor\VisualScripting.Core\Dependencies\YamlDotNet\Unity.VisualScripting.YamlDotNet.dll
Symbol file LoadedFromMemory doesn't match image F:\KimLiquid\Learn4\Library\PackageCache\com.unity.visualscripting@1.7.8\Editor\VisualScripting.Core\Dependencies\DotNetZip\Unity.VisualScripting.IonicZip.dll
Native extension for WindowsStandalone target not found
Native extension for Android target not found
Native extension for WebGL target not found
Refreshing native plugins compatible for Editor in 102.71 ms, found 3 plugins.
Preloading 0 native plugins for Editor in 0.00 ms.
Mono: successfully reloaded assembly
- Completed reload, in  1.242 seconds
Domain Reload Profiling:
	ReloadAssembly (1243ms)
		BeginReloadAssembly (159ms)
			ExecutionOrderSort (0ms)
			DisableScriptedObjects (6ms)
			BackupInstance (0ms)
			ReleaseScriptingObjects (0ms)
			CreateAndSetChildDomain (50ms)
		EndReloadAssembly (986ms)
			LoadAssemblies (105ms)
			RebuildTransferFunctionScriptingTraits (0ms)
			SetupTypeCache (305ms)
			ReleaseScriptCaches (1ms)
			RebuildScriptCaches (37ms)
			SetupLoadedEditorAssemblies (514ms)
				LogAssemblyErrors (0ms)
				InitializePlatformSupportModulesInManaged (20ms)
				SetLoadedEditorAssemblies (0ms)
				RefreshPlugins (103ms)
				BeforeProcessingInitializeOnLoad (66ms)
				ProcessInitializeOnLoadAttributes (245ms)
				ProcessInitializeOnLoadMethodAttributes (77ms)
				AfterProcessingInitializeOnLoad (3ms)
				EditorAssembliesLoaded (0ms)
			ExecutionOrderSort2 (0ms)
			AwakeInstancesAfterBackupRestoration (6ms)
Platform modules already initialized, skipping
Refreshing native plugins compatible for Editor in 2.17 ms, found 3 plugins.
Preloading 0 native plugins for Editor in 0.00 ms.
Unloading 4911 Unused Serialized files (Serialized files now loaded: 0)
Unloading 42 unused Assets / (2.0 MB). Loaded Objects now: 5369.
Memory consumption went from 174.6 MB to 172.6 MB.
Total: 4.142800 ms (FindLiveObjects: 0.538200 ms CreateObjectMapping: 0.124200 ms MarkObjects: 2.746200 ms  DeleteObjects: 0.733000 ms)

AssetImportParameters requested are different than current active one (requested -> active):
  custom:video-decoder-ogg-theora: a1e56fd34408186e4bbccfd4996cb3dc -> 
  custom:container-muxer-webm: aa71ff27fc2769a1b78a27578f13a17b -> 
  custom:container-demuxer-webm: 4f35f7cbe854078d1ac9338744f61a02 -> 
  custom:video-encoder-webm-vp8: eb34c28f22e8b96e1ab97ce403110664 -> 
  custom:audio-encoder-webm-vorbis: bf7c407c2cedff20999df2af8eb42d56 -> 
  custom:framework-win-MediaFoundation: 216162199b28c13a410421893ffa2e32 -> 
  custom:container-demuxer-ogg: 62fdf1f143b41e24485cea50d1cbac27 -> 
  custom:video-decoder-webm-vp8: 9c59270c3fd7afecdb556c50c9e8de78 -> 
  custom:audio-decoder-ogg-vorbis: bf7c407c2cedff20999df2af8eb42d56 -> 
========================================================================
Received Import Request.
  Time since last request: 238.187489 seconds.
  path: Assets/slash5-HungNguyen/slash shader/slash5.shadergraph
  artifactKey: Guid(e16e789fa477e094084ad1ad4c5b7ce5) Importer(815301076,1909f56bfc062723c751e8b465ee728b)
Start importing Assets/slash5-HungNguyen/slash shader/slash5.shadergraph using Guid(e16e789fa477e094084ad1ad4c5b7ce5) Importer(815301076,1909f56bfc062723c751e8b465ee728b)  -> (artifact id: '3844f3ec0792a0f57777f30bb02a76d6') in 0.031129 seconds 
========================================================================
Received Import Request.
  Time since last request: 96.343526 seconds.
  path: Assets/slash5-HungNguyen/slash 5 visual vfx profiles/slash-white-blue bolder.vfx
  artifactKey: Guid(1efed76a5cb06fc4fad682743c40f387) Importer(815301076,1909f56bfc062723c751e8b465ee728b)
Start importing Assets/slash5-HungNguyen/slash 5 visual vfx profiles/slash-white-blue bolder.vfx using Guid(1efed76a5cb06fc4fad682743c40f387) Importer(815301076,1909f56bfc062723c751e8b465ee728b)  -> (artifact id: '4042255e468e850df699b7427e719694') in 0.007260 seconds 
========================================================================
Received Import Request.
  Time since last request: 0.000030 seconds.
  path: Assets/slash5-HungNguyen/slash 5 visual vfx profiles/slash-white-yellow bolder.vfx
  artifactKey: Guid(a477cc5faf5246f4e9473fa965aed1b6) Importer(815301076,1909f56bfc062723c751e8b465ee728b)
Start importing Assets/slash5-HungNguyen/slash 5 visual vfx profiles/slash-white-yellow bolder.vfx using Guid(a477cc5faf5246f4e9473fa965aed1b6) Importer(815301076,1909f56bfc062723c751e8b465ee728b)  -> (artifact id: '8354504dcd7540b41840e127c22a33c3') in 0.006342 seconds 
========================================================================
Received Import Request.
  Time since last request: 0.000039 seconds.
  path: Assets/slash5-HungNguyen/slash 5 visual vfx profiles/slash-white-red bolder.vfx
  artifactKey: Guid(b28130f36ca99cc4e8dfa30ab1dfdae3) Importer(815301076,1909f56bfc062723c751e8b465ee728b)
Start importing Assets/slash5-HungNguyen/slash 5 visual vfx profiles/slash-white-red bolder.vfx using Guid(b28130f36ca99cc4e8dfa30ab1dfdae3) Importer(815301076,1909f56bfc062723c751e8b465ee728b)  -> (artifact id: '8ac226ee1ecb11ab22e25c4f122c8099') in 0.006039 seconds 
========================================================================
Received Import Request.
  Time since last request: 0.702767 seconds.
  path: Assets/slash5-HungNguyen/prefab/slash/white-black bolder.prefab
  artifactKey: Guid(9b6701af468904645b8ef67e0e326bb5) Importer(815301076,1909f56bfc062723c751e8b465ee728b)
Start importing Assets/slash5-HungNguyen/prefab/slash/white-black bolder.prefab using Guid(9b6701af468904645b8ef67e0e326bb5) Importer(815301076,1909f56bfc062723c751e8b465ee728b)  -> (artifact id: '2ee829586fad743748854cf5d0484ce5') in 0.062723 seconds 
========================================================================
Received Import Request.
  Time since last request: 0.000026 seconds.
  path: Assets/slash5-HungNguyen/prefab/slash/white-red bolder.prefab
  artifactKey: Guid(60d310309985b9d4e9917e6e851e63c9) Importer(815301076,1909f56bfc062723c751e8b465ee728b)
Start importing Assets/slash5-HungNguyen/prefab/slash/white-red bolder.prefab using Guid(60d310309985b9d4e9917e6e851e63c9) Importer(815301076,1909f56bfc062723c751e8b465ee728b)  -> (artifact id: 'bb4e4311eeb1ad03ccb9c6a50ee0b062') in 0.092337 seconds 
========================================================================
Received Import Request.
  Time since last request: 0.000026 seconds.
  path: Assets/slash5-HungNguyen/prefab/slash/white-yellow bolder.prefab
  artifactKey: Guid(19ad1952919114446ab32647516f23c6) Importer(815301076,1909f56bfc062723c751e8b465ee728b)
Start importing Assets/slash5-HungNguyen/prefab/slash/white-yellow bolder.prefab using Guid(19ad1952919114446ab32647516f23c6) Importer(815301076,1909f56bfc062723c751e8b465ee728b)  -> (artifact id: '7453ffe5357d88a8c179502a1c5b1b9c') in 0.118497 seconds 
========================================================================
Received Import Request.
  Time since last request: 0.000034 seconds.
  path: Assets/slash5-HungNguyen/prefab/slash/white-blue bolder.prefab
  artifactKey: Guid(78e50a02e17938a4baf517253d545621) Importer(815301076,1909f56bfc062723c751e8b465ee728b)
Start importing Assets/slash5-HungNguyen/prefab/slash/white-blue bolder.prefab using Guid(78e50a02e17938a4baf517253d545621) Importer(815301076,1909f56bfc062723c751e8b465ee728b)  -> (artifact id: 'd4393972a21497ab420360309a2bbf21') in 0.032963 seconds 
========================================================================
Received Import Request.
  Time since last request: 187.743290 seconds.
  path: Assets/slash5-HungNguyen/material/background texure.png
  artifactKey: Guid(523ef7774a5ecda46a26ff130406597f) Importer(815301076,1909f56bfc062723c751e8b465ee728b)
Start importing Assets/slash5-HungNguyen/material/background texure.png using Guid(523ef7774a5ecda46a26ff130406597f) Importer(815301076,1909f56bfc062723c751e8b465ee728b)  -> (artifact id: 'd776bc88bd3d4357722b2c142fd32f3f') in 0.602980 seconds 
========================================================================
Received Import Request.
  Time since last request: 0.000034 seconds.
  path: Assets/slash5-HungNguyen/material/left right black4.png
  artifactKey: Guid(06e644989d22b994aac04cf115a2d047) Importer(815301076,1909f56bfc062723c751e8b465ee728b)
Start importing Assets/slash5-HungNguyen/material/left right black4.png using Guid(06e644989d22b994aac04cf115a2d047) Importer(815301076,1909f56bfc062723c751e8b465ee728b)  -> (artifact id: '4f5e908cbed7b07c49bb775ebd03c868') in 0.195103 seconds 
========================================================================
Received Import Request.
  Time since last request: 0.000034 seconds.
  path: Assets/slash5-HungNguyen/material/top bot black.png
  artifactKey: Guid(f7178b33dcd7a194a966f2aaf2d13dec) Importer(815301076,1909f56bfc062723c751e8b465ee728b)
Start importing Assets/slash5-HungNguyen/material/top bot black.png using Guid(f7178b33dcd7a194a966f2aaf2d13dec) Importer(815301076,1909f56bfc062723c751e8b465ee728b)  -> (artifact id: '19fadbe020cf04a22e7069d714896838') in 0.189597 seconds 
========================================================================
Received Import Request.
  Time since last request: 0.000024 seconds.
  path: Assets/slash5-HungNguyen/material/top bot black3 1.png
  artifactKey: Guid(53c6dc8828070de408646b038d8d085f) Importer(815301076,1909f56bfc062723c751e8b465ee728b)
Start importing Assets/slash5-HungNguyen/material/top bot black3 1.png using Guid(53c6dc8828070de408646b038d8d085f) Importer(815301076,1909f56bfc062723c751e8b465ee728b)  -> (artifact id: '97c33266dc2652988df1a9803eaef897') in 0.089682 seconds 
========================================================================
Received Import Request.
  Time since last request: 0.667996 seconds.
  path: Assets/slash5-HungNguyen/3D model/slash3.fbx
  artifactKey: Guid(3f28607cc30eb4348a298881ede9de92) Importer(815301076,1909f56bfc062723c751e8b465ee728b)
Start importing Assets/slash5-HungNguyen/3D model/slash3.fbx using Guid(3f28607cc30eb4348a298881ede9de92) Importer(815301076,1909f56bfc062723c751e8b465ee728b)  -> (artifact id: '6c673addb45ad9688c288b5a60065ca3') in 0.399577 seconds 
