Using pre-set license
Built from '2021.3/staging' branch; Version is '2021.3.9f1 (ad3870b89536) revision 11352176'; Using compiler version '192829333'; Build Type 'Release'
OS: 'Windows 10  (10.0.19045) 64bit Professional' Language: 'ko' Physical Memory: 16309 MB
BatchMode: 1, IsHumanControllingUs: 0, StartBugReporterOnCrash: 0, Is64bit: 1, IsPro: 1

COMMAND LINE ARGUMENTS:
F:\Unity\Editor\2021.3.9f1\Editor\Unity.exe
-adb2
-batchMode
-noUpm
-name
AssetImportWorker2
-projectPath
F:/KimLiquid/Learn4
-logFile
Logs/AssetImportWorker2.log
-srvPort
4396
Successfully changed project path to: F:/KimLiquid/Learn4
F:/KimLiquid/Learn4
[UnityMemory] Configuration Parameters - Can be set up in boot.config
    "memorysetup-bucket-allocator-granularity=16"
    "memorysetup-bucket-allocator-bucket-count=8"
    "memorysetup-bucket-allocator-block-size=33554432"
    "memorysetup-bucket-allocator-block-count=8"
    "memorysetup-main-allocator-block-size=16777216"
    "memorysetup-thread-allocator-block-size=16777216"
    "memorysetup-gfx-main-allocator-block-size=16777216"
    "memorysetup-gfx-thread-allocator-block-size=16777216"
    "memorysetup-cache-allocator-block-size=4194304"
    "memorysetup-typetree-allocator-block-size=2097152"
    "memorysetup-profiler-bucket-allocator-granularity=16"
    "memorysetup-profiler-bucket-allocator-bucket-count=8"
    "memorysetup-profiler-bucket-allocator-block-size=33554432"
    "memorysetup-profiler-bucket-allocator-block-count=8"
    "memorysetup-profiler-allocator-block-size=16777216"
    "memorysetup-profiler-editor-allocator-block-size=1048576"
    "memorysetup-temp-allocator-size-main=16777216"
    "memorysetup-job-temp-allocator-block-size=2097152"
    "memorysetup-job-temp-allocator-block-size-background=1048576"
    "memorysetup-job-temp-allocator-reduction-small-platforms=262144"
    "memorysetup-temp-allocator-size-background-worker=32768"
    "memorysetup-temp-allocator-size-job-worker=262144"
    "memorysetup-temp-allocator-size-preload-manager=33554432"
    "memorysetup-temp-allocator-size-nav-mesh-worker=65536"
    "memorysetup-temp-allocator-size-audio-worker=65536"
    "memorysetup-temp-allocator-size-cloud-worker=32768"
    "memorysetup-temp-allocator-size-gi-baking-worker=262144"
    "memorysetup-temp-allocator-size-gfx=262144"
Refreshing native plugins compatible for Editor in 79.27 ms, found 3 plugins.
Preloading 0 native plugins for Editor in 0.00 ms.
Initialize engine version: 2021.3.9f1 (ad3870b89536)
[Subsystems] Discovering subsystems at path F:/Unity/Editor/2021.3.9f1/Editor/Data/Resources/UnitySubsystems
[Subsystems] Discovering subsystems at path F:/KimLiquid/Learn4/Assets
GfxDevice: creating device client; threaded=0; jobified=0
Direct3D:
    Version:  Direct3D 11.0 [level 11.1]
    Renderer: Radeon RX 570 Series (ID=0x67df)
    Vendor:   ATI
    VRAM:     4074 MB
    Driver:   31.0.12029.10015
Initialize mono
Mono path[0] = 'F:/Unity/Editor/2021.3.9f1/Editor/Data/Managed'
Mono path[1] = 'F:/Unity/Editor/2021.3.9f1/Editor/Data/MonoBleedingEdge/lib/mono/unityjit-win32'
Mono config path = 'F:/Unity/Editor/2021.3.9f1/Editor/Data/MonoBleedingEdge/etc'
Using monoOptions --debugger-agent=transport=dt_socket,embedding=1,server=y,suspend=n,address=127.0.0.1:56972
Begin MonoManager ReloadAssembly
Registering precompiled unity dll's ...
Register platform support module: F:/Unity/Editor/2021.3.9f1/Editor/Data/PlaybackEngines/WebGLSupport/UnityEditor.WebGL.Extensions.dll
Register platform support module: F:/Unity/Editor/2021.3.9f1/Editor/Data/PlaybackEngines/AndroidPlayer/UnityEditor.Android.Extensions.dll
Register platform support module: F:/Unity/Editor/2021.3.9f1/Editor/Data/PlaybackEngines/WindowsStandaloneSupport/UnityEditor.WindowsStandalone.Extensions.dll
Registered in 0.003730 seconds.
Native extension for WindowsStandalone target not found
Native extension for Android target not found
Native extension for WebGL target not found
Refreshing native plugins compatible for Editor in 77.94 ms, found 3 plugins.
Preloading 0 native plugins for Editor in 0.00 ms.
Mono: successfully reloaded assembly
- Completed reload, in  0.573 seconds
Domain Reload Profiling:
	ReloadAssembly (573ms)
		BeginReloadAssembly (59ms)
			ExecutionOrderSort (0ms)
			DisableScriptedObjects (0ms)
			BackupInstance (0ms)
			ReleaseScriptingObjects (0ms)
			CreateAndSetChildDomain (1ms)
		EndReloadAssembly (422ms)
			LoadAssemblies (58ms)
			RebuildTransferFunctionScriptingTraits (0ms)
			SetupTypeCache (92ms)
			ReleaseScriptCaches (0ms)
			RebuildScriptCaches (26ms)
			SetupLoadedEditorAssemblies (263ms)
				LogAssemblyErrors (0ms)
				InitializePlatformSupportModulesInManaged (54ms)
				SetLoadedEditorAssemblies (0ms)
				RefreshPlugins (78ms)
				BeforeProcessingInitializeOnLoad (1ms)
				ProcessInitializeOnLoadAttributes (91ms)
				ProcessInitializeOnLoadMethodAttributes (39ms)
				AfterProcessingInitializeOnLoad (0ms)
				EditorAssembliesLoaded (0ms)
			ExecutionOrderSort2 (0ms)
			AwakeInstancesAfterBackupRestoration (0ms)
Platform modules already initialized, skipping
Registering precompiled user dll's ...
Registered in 0.004468 seconds.
Begin MonoManager ReloadAssembly
Symbol file LoadedFromMemory doesn't match image F:\KimLiquid\Learn4\Library\PackageCache\com.unity.visualscripting@1.7.8\Editor\VisualScripting.Core\Dependencies\YamlDotNet\Unity.VisualScripting.YamlDotNet.dll
Symbol file LoadedFromMemory doesn't match image F:\KimLiquid\Learn4\Library\PackageCache\com.unity.visualscripting@1.7.8\Editor\VisualScripting.Core\Dependencies\DotNetZip\Unity.VisualScripting.IonicZip.dll
Native extension for WindowsStandalone target not found
Native extension for Android target not found
Native extension for WebGL target not found
Refreshing native plugins compatible for Editor in 0.63 ms, found 3 plugins.
Preloading 0 native plugins for Editor in 0.00 ms.
Mono: successfully reloaded assembly
- Completed reload, in  1.007 seconds
Domain Reload Profiling:
	ReloadAssembly (1008ms)
		BeginReloadAssembly (215ms)
			ExecutionOrderSort (0ms)
			DisableScriptedObjects (9ms)
			BackupInstance (0ms)
			ReleaseScriptingObjects (0ms)
			CreateAndSetChildDomain (131ms)
		EndReloadAssembly (677ms)
			LoadAssemblies (66ms)
			RebuildTransferFunctionScriptingTraits (0ms)
			SetupTypeCache (239ms)
			ReleaseScriptCaches (1ms)
			RebuildScriptCaches (47ms)
			SetupLoadedEditorAssemblies (294ms)
				LogAssemblyErrors (0ms)
				InitializePlatformSupportModulesInManaged (12ms)
				SetLoadedEditorAssemblies (0ms)
				RefreshPlugins (1ms)
				BeforeProcessingInitializeOnLoad (71ms)
				ProcessInitializeOnLoadAttributes (184ms)
				ProcessInitializeOnLoadMethodAttributes (23ms)
				AfterProcessingInitializeOnLoad (3ms)
				EditorAssembliesLoaded (0ms)
			ExecutionOrderSort2 (0ms)
			AwakeInstancesAfterBackupRestoration (4ms)
Platform modules already initialized, skipping
========================================================================
Worker process is ready to serve import requests
Launched and connected shader compiler UnityShaderCompiler.exe after 0.04 seconds
Refreshing native plugins compatible for Editor in 0.64 ms, found 3 plugins.
Preloading 0 native plugins for Editor in 0.00 ms.
Unloading 3385 Unused Serialized files (Serialized files now loaded: 0)
Unloading 27 unused Assets / (111.2 KB). Loaded Objects now: 3848.
Memory consumption went from 121.4 MB to 121.3 MB.
Total: 2.917800 ms (FindLiveObjects: 0.318100 ms CreateObjectMapping: 0.094900 ms MarkObjects: 2.385900 ms  DeleteObjects: 0.117800 ms)

AssetImportParameters requested are different than current active one (requested -> active):
  custom:video-decoder-ogg-theora: a1e56fd34408186e4bbccfd4996cb3dc -> 
  custom:container-muxer-webm: aa71ff27fc2769a1b78a27578f13a17b -> 
  custom:container-demuxer-webm: 4f35f7cbe854078d1ac9338744f61a02 -> 
  custom:video-encoder-webm-vp8: eb34c28f22e8b96e1ab97ce403110664 -> 
  custom:audio-encoder-webm-vorbis: bf7c407c2cedff20999df2af8eb42d56 -> 
  custom:framework-win-MediaFoundation: 216162199b28c13a410421893ffa2e32 -> 
  custom:container-demuxer-ogg: 62fdf1f143b41e24485cea50d1cbac27 -> 
  custom:video-decoder-webm-vp8: 9c59270c3fd7afecdb556c50c9e8de78 -> 
  custom:audio-decoder-ogg-vorbis: bf7c407c2cedff20999df2af8eb42d56 -> 
========================================================================
Received Import Request.
  Time since last request: 874.204824 seconds.
  path: Assets/Models/Mika
  artifactKey: Guid(aeecfd4f5997b6c49a9906cd6f894764) Importer(815301076,1909f56bfc062723c751e8b465ee728b)
Start importing Assets/Models/Mika using Guid(aeecfd4f5997b6c49a9906cd6f894764) Importer(815301076,1909f56bfc062723c751e8b465ee728b)  -> (artifact id: '60f569614d00b6327eeaede7620b4671') in 0.010326 seconds 
========================================================================
Received Import Request.
  Time since last request: 0.010958 seconds.
  path: Assets/Models/Mika/Mika.fbx
  artifactKey: Guid(887eb7e661602744595cb1e39c3ee4a6) Importer(815301076,1909f56bfc062723c751e8b465ee728b)
Start importing Assets/Models/Mika/Mika.fbx using Guid(887eb7e661602744595cb1e39c3ee4a6) Importer(815301076,1909f56bfc062723c751e8b465ee728b)  -> (artifact id: 'd5a6c881efafd7673a941d6a04d9d6bc') in 0.748987 seconds 
========================================================================
Received Import Request.
  Time since last request: 6.349359 seconds.
  path: Assets/Models/Mika/Materials
  artifactKey: Guid(aec6f85fcd1924b4a8d2bfb727371592) Importer(815301076,1909f56bfc062723c751e8b465ee728b)
Start importing Assets/Models/Mika/Materials using Guid(aec6f85fcd1924b4a8d2bfb727371592) Importer(815301076,1909f56bfc062723c751e8b465ee728b)  -> (artifact id: '170adfbce22d98cb2a3b8f7ad1b306b8') in 0.004900 seconds 
========================================================================
Received Import Request.
  Time since last request: 0.034838 seconds.
  path: Assets/Models/Mika/Materials/Acc_C.pngMMDCatsBaked.001.mat
  artifactKey: Guid(0f83b7b019b22a4428a72bea19ef2384) Importer(815301076,1909f56bfc062723c751e8b465ee728b)
Start importing Assets/Models/Mika/Materials/Acc_C.pngMMDCatsBaked.001.mat using Guid(0f83b7b019b22a4428a72bea19ef2384) Importer(815301076,1909f56bfc062723c751e8b465ee728b)  -> (artifact id: '54ebb8c00b0c13c0939cf451bf366a93') in 0.154636 seconds 
========================================================================
Received Import Request.
  Time since last request: 0.000021 seconds.
  path: Assets/Models/Mika/Materials/Eye_C.pngMMDCatsBaked.mat
  artifactKey: Guid(7e46a6d4d9273c344bd56a7a43f4370c) Importer(815301076,1909f56bfc062723c751e8b465ee728b)
Start importing Assets/Models/Mika/Materials/Eye_C.pngMMDCatsBaked.mat using Guid(7e46a6d4d9273c344bd56a7a43f4370c) Importer(815301076,1909f56bfc062723c751e8b465ee728b)  -> (artifact id: '2cf63d78df24fb6dc6c71acb50186ac8') in 0.011850 seconds 
========================================================================
Received Import Request.
  Time since last request: 16.911888 seconds.
  path: Assets/Models/Mika/Materials/Face_C.pngMMDCatsBaked.mat
  artifactKey: Guid(1c7ab8ba3fc032c42b9aec74f68b6f12) Importer(815301076,1909f56bfc062723c751e8b465ee728b)
Start importing Assets/Models/Mika/Materials/Face_C.pngMMDCatsBaked.mat using Guid(1c7ab8ba3fc032c42b9aec74f68b6f12) Importer(815301076,1909f56bfc062723c751e8b465ee728b)  -> (artifact id: '36a1015aef9be9dad81d39baa857e866') in 0.011811 seconds 
========================================================================
Received Import Request.
  Time since last request: 11.937981 seconds.
  path: Assets/Models/Mika/Materials/Fuku_C.pngMMDCatsBaked.001.mat
  artifactKey: Guid(0115488fe22f2cb48a5abb48487bd289) Importer(815301076,1909f56bfc062723c751e8b465ee728b)
Start importing Assets/Models/Mika/Materials/Fuku_C.pngMMDCatsBaked.001.mat using Guid(0115488fe22f2cb48a5abb48487bd289) Importer(815301076,1909f56bfc062723c751e8b465ee728b)  -> (artifact id: 'e3e312937f2f80f1a80f5fa858351871') in 0.010028 seconds 
========================================================================
Received Import Request.
  Time since last request: 0.020044 seconds.
  path: Assets/Models/Mika/Materials/Fuku_C.pngMMDCatsBaked.002.mat
  artifactKey: Guid(848699a49c7bcc749a5a763161e1b2b6) Importer(815301076,1909f56bfc062723c751e8b465ee728b)
Start importing Assets/Models/Mika/Materials/Fuku_C.pngMMDCatsBaked.002.mat using Guid(848699a49c7bcc749a5a763161e1b2b6) Importer(815301076,1909f56bfc062723c751e8b465ee728b)  -> (artifact id: '6f8523289ab1cd39ed3afc8f51155b1f') in 0.025287 seconds 
========================================================================
Received Import Request.
  Time since last request: 0.019240 seconds.
  path: Assets/Models/Mika/Materials/Fuku_C.pngMMDCatsBaked.003.mat
  artifactKey: Guid(62f6e1a02a682a449b6fe7af7b5eddf6) Importer(815301076,1909f56bfc062723c751e8b465ee728b)
Start importing Assets/Models/Mika/Materials/Fuku_C.pngMMDCatsBaked.003.mat using Guid(62f6e1a02a682a449b6fe7af7b5eddf6) Importer(815301076,1909f56bfc062723c751e8b465ee728b)  -> (artifact id: '912c1dc2e854ab14928ed3886007c513') in 0.012829 seconds 
========================================================================
Received Import Request.
  Time since last request: 2.528011 seconds.
  path: Assets/Models/Mika/Materials/Fuku_C.pngMMDCatsBaked.mat
  artifactKey: Guid(00f033941afa84049a572cd2fcbd06ae) Importer(815301076,1909f56bfc062723c751e8b465ee728b)
Start importing Assets/Models/Mika/Materials/Fuku_C.pngMMDCatsBaked.mat using Guid(00f033941afa84049a572cd2fcbd06ae) Importer(815301076,1909f56bfc062723c751e8b465ee728b)  -> (artifact id: 'c17d9c58757dfc7f1b678bbf51d4067a') in 0.011135 seconds 
========================================================================
Received Import Request.
  Time since last request: 0.047646 seconds.
  path: Assets/Models/Mika/Materials/Hair_C.pngMMDCatsBaked.mat
  artifactKey: Guid(00a2ffedb4bb4ab488396999ee6c366a) Importer(815301076,1909f56bfc062723c751e8b465ee728b)
Start importing Assets/Models/Mika/Materials/Hair_C.pngMMDCatsBaked.mat using Guid(00a2ffedb4bb4ab488396999ee6c366a) Importer(815301076,1909f56bfc062723c751e8b465ee728b)  -> (artifact id: '3af3d28f8bdde30365180c1a1edf3869') in 0.011803 seconds 
========================================================================
Received Import Request.
  Time since last request: 11.131579 seconds.
  path: Assets/Models/Mika/Materials/Morph.pngMMDCatsBaked.mat
  artifactKey: Guid(28959dd8e68c610458856933348c76e4) Importer(815301076,1909f56bfc062723c751e8b465ee728b)
Start importing Assets/Models/Mika/Materials/Morph.pngMMDCatsBaked.mat using Guid(28959dd8e68c610458856933348c76e4) Importer(815301076,1909f56bfc062723c751e8b465ee728b)  -> (artifact id: 'a8ca5c76678ca41338911932187994a9') in 0.058141 seconds 
========================================================================
Received Import Request.
  Time since last request: 2.524859 seconds.
  path: Assets/Models/Mika/Materials/Skin_C.pngMMDCatsBaked.002.mat
  artifactKey: Guid(9a2b3f78c2d6bf94ba2ec29d5c803bb0) Importer(815301076,1909f56bfc062723c751e8b465ee728b)
Start importing Assets/Models/Mika/Materials/Skin_C.pngMMDCatsBaked.002.mat using Guid(9a2b3f78c2d6bf94ba2ec29d5c803bb0) Importer(815301076,1909f56bfc062723c751e8b465ee728b)  -> (artifact id: '9128af1a98212902ddf0e911821d4387') in 0.010913 seconds 
========================================================================
Received Import Request.
  Time since last request: 0.021681 seconds.
  path: Assets/Models/Mika/Materials/Skin_C.pngMMDCatsBaked.003.mat
  artifactKey: Guid(ba6d7296faff9bc4c88d9319b48a41db) Importer(815301076,1909f56bfc062723c751e8b465ee728b)
Start importing Assets/Models/Mika/Materials/Skin_C.pngMMDCatsBaked.003.mat using Guid(ba6d7296faff9bc4c88d9319b48a41db) Importer(815301076,1909f56bfc062723c751e8b465ee728b)  -> (artifact id: '05c2e85257328bfc9fdedb8ac211f524') in 0.012348 seconds 
========================================================================
Received Import Request.
  Time since last request: 0.018922 seconds.
  path: Assets/Models/Mika/Materials/Skin_C.pngMMDCatsBaked.mat
  artifactKey: Guid(c8e752646a9419641b6b6bdf847948c0) Importer(815301076,1909f56bfc062723c751e8b465ee728b)
Start importing Assets/Models/Mika/Materials/Skin_C.pngMMDCatsBaked.mat using Guid(c8e752646a9419641b6b6bdf847948c0) Importer(815301076,1909f56bfc062723c751e8b465ee728b)  -> (artifact id: '0cb195e5294b5361a67a27b83e687024') in 0.010865 seconds 
========================================================================
Received Import Request.
  Time since last request: 93.310611 seconds.
  path: Assets/Models/聖園ミカ_配布/簡易shader使用方法.png
  artifactKey: Guid(67c6ae769300d9f42a284c48b9a21622) Importer(815301076,1909f56bfc062723c751e8b465ee728b)
Start importing Assets/Models/聖園ミカ_配布/簡易shader使用方法.png using Guid(67c6ae769300d9f42a284c48b9a21622) Importer(815301076,1909f56bfc062723c751e8b465ee728b)  -> (artifact id: '87dbef79e3a6bbf9eb0fd082e1282de4') in 0.019805 seconds 
========================================================================
Received Import Request.
  Time since last request: 0.628472 seconds.
  path: Assets/Models/聖園ミカ_配布/聖園ミカ_輪郭線なし_ver1.01.MMD4Mecanim.asset
  artifactKey: Guid(d7ceac74330bfbe49857bf1806e9808f) Importer(815301076,1909f56bfc062723c751e8b465ee728b)
Start importing Assets/Models/聖園ミカ_配布/聖園ミカ_輪郭線なし_ver1.01.MMD4Mecanim.asset using Guid(d7ceac74330bfbe49857bf1806e9808f) Importer(815301076,1909f56bfc062723c751e8b465ee728b)  -> (artifact id: 'd7019be070fb2aa20fd1afcd81fac9c0') in 0.006387 seconds 
========================================================================
Received Import Request.
  Time since last request: 440.144446 seconds.
  path: Assets/Models/Mika/New Folder/untitled.fbx
  artifactKey: Guid(464ddd4c6d2191645a317c61dc2f0e0c) Importer(815301076,1909f56bfc062723c751e8b465ee728b)
Start importing Assets/Models/Mika/New Folder/untitled.fbx using Guid(464ddd4c6d2191645a317c61dc2f0e0c) Importer(815301076,1909f56bfc062723c751e8b465ee728b)  -> (artifact id: '0e73a21d37a7ab4b5ae26f68ac33cfa9') in 0.519746 seconds 
========================================================================
Received Import Request.
  Time since last request: 46.609788 seconds.
  path: Assets/Models/Mika/New Folder/untitled.fbx
  artifactKey: Guid(464ddd4c6d2191645a317c61dc2f0e0c) Importer(815301076,1909f56bfc062723c751e8b465ee728b)
Start importing Assets/Models/Mika/New Folder/untitled.fbx using Guid(464ddd4c6d2191645a317c61dc2f0e0c) Importer(815301076,1909f56bfc062723c751e8b465ee728b)  -> (artifact id: 'c7a8bbdc9933fc5c3e69a1e86d985046') in 1.215305 seconds 
